<?xml version="1.0" encoding="UTF-8"?>
<!-- Generated by org.testng.reporters.JUnitReportReporter -->
<testsuite hostname="DESKTOP-ROFA72B" failures="0" tests="2" name="com.test.runner.TestRunner2" time="18.757" errors="0" timestamp="2023-09-12T11:16:55 IST" skipped="0">
  <testcase classname="com.test.runner.TestRunner2" name="runScenario" time="8.340"/>
  <testcase classname="com.test.runner.TestRunner2" name="runScenario" time="10.417"/>
</testsuite> <!-- com.test.runner.TestRunner2 -->
