<?xml version="1.0" encoding="UTF-8"?>
<!-- Generated by org.testng.reporters.JUnitReportReporter -->
<testsuite hostname="DESKTOP-ROFA72B" failures="0" tests="2" name="com.test.runner.TestRunner" time="13.398" errors="0" timestamp="2023-09-12T11:19:04 IST" skipped="0">
  <testcase classname="com.test.runner.TestRunner" name="runScenario" time="8.306"/>
  <testcase classname="com.test.runner.TestRunner" name="runScenario" time="5.092"/>
</testsuite> <!-- com.test.runner.TestRunner -->
