<?xml version="1.0" encoding="UTF-8"?>
<!-- Generated by org.testng.reporters.JUnitReportReporter -->
<testsuite hostname="DESKTOP-ROFA72B" failures="0" tests="1" name="com.test.runner.TestRunner" time="10.357" errors="0" timestamp="2023-09-12T08:55:31 IST" skipped="0">
  <testcase classname="com.test.runner.TestRunner" name="runScenario" time="10.357"/>
</testsuite> <!-- com.test.runner.TestRunner -->
